[2025-08-28 09:15:02] AUTH SUCCESS: user=cfo, device=CFO-TERMINAL
[2025-08-28 09:40:10] AUTH SUCCESS: user=tejas, device=SEC-MAINT
[2025-08-28 10:00:25] AUTH SUCCESS: user=shashwath, device=INFRA-01
[2025-08-28 11:30:10] AUTH SUCCESS: user=darshan, device=SERVER-MAINT
[2025-08-28 13:15:45] AUTH SUCCESS: user=rohith, device=FIN-INTERN
[2025-08-28 17:30:45] AUTH SUCCESS: user=abbilaash, device=DEV-05
[2025-08-28 20:45:33] AUTH SUCCESS: user=vishal, device=SEC-01

[2025-08-29 09:05:15] AUTH SUCCESS: user=anitha, device=HR-01
[2025-08-29 09:15:04] AUTH SUCCESS: user=cfo, device=CFO-TERMINAL
[2025-08-29 10:20:10] AUTH SUCCESS: user=vishal, device=SEC-01
[2025-08-29 14:02:31] AUTH SUCCESS: user=richitha, device=SUPPORT-04
[2025-08-29 17:10:55] AUTH SUCCESS: user=darshan, device=SERVER-MAINT
[2025-08-29 19:00:12] AUTH SUCCESS: user=abbilaash, device=DEV-05
[2025-08-29 21:10:33] AUTH SUCCESS: user=rizvi, device=COMMS-02
[2025-08-29 23:45:22] AUTH SUCCESS: user=tejas, device=SEC-MAINT

[2025-08-29 00:12:58] AUTH REQUEST: user=jayasurya, device=ENG-07
[2025-08-29 00:13:01] AUTH SUCCESS: user=jayasurya, session_id=9f8ac321
[2025-08-29 00:13:45] AUTH UNKNOWN DATA BLOCK
[2025-08-29 00:14:10] SYSTEM MESSAGE: checksum update
[2025-08-29 00:15:02] AUTH REQUEST: user=?, device=UNREGISTERED
[2025-08-29 00:15:03] SESSION CLOSED
